Using pre-set license
Built from '2020.3/staging' branch; Version is '2020.3.14f1 (d0d1bb862f9d) revision 13685179'; Using compiler version '192528614'; Build Type 'Release'
OS: 'Windows 10 Home Single Language; OS build 22621.819; Version 2009; 64bit' Language: 'en' Physical Memory: 15977 MB
BatchMode: 1, IsHumanControllingUs: 0, StartBugReporterOnCrash: 0, Is64bit: 1, IsPro: 0

 COMMAND LINE ARGUMENTS:
C:\Program Files\Unity\Hub\Editor\2020.3.14f1\Editor\Unity.exe
-adb2
-batchMode
-noUpm
-name
AssetImportWorker0
-projectPath
E:/Course/3D Game/2D Game
-logFile
Logs/AssetImportWorker0.log
-srvPort
50173
Successfully changed project path to: E:/Course/3D Game/2D Game
E:/Course/3D Game/2D Game
Using Asset Import Pipeline V2.
Refreshing native plugins compatible for Editor in 96.23 ms, found 3 plugins.
Preloading 0 native plugins for Editor in 0.00 ms.
Initialize engine version: 2020.3.14f1 (d0d1bb862f9d)
[Subsystems] Discovering subsystems at path C:/Program Files/Unity/Hub/Editor/2020.3.14f1/Editor/Data/Resources/UnitySubsystems
[Subsystems] Discovering subsystems at path E:/Course/3D Game/2D Game/Assets
GfxDevice: creating device client; threaded=0
Direct3D:
    Version:  Direct3D 11.0 [level 11.1]
    Renderer: Intel(R) UHD Graphics (ID=0x9b41)
    Vendor:   
    VRAM:     7988 MB
    Driver:   26.20.100.7985
Initialize mono
Mono path[0] = 'C:/Program Files/Unity/Hub/Editor/2020.3.14f1/Editor/Data/Managed'
Mono path[1] = 'C:/Program Files/Unity/Hub/Editor/2020.3.14f1/Editor/Data/MonoBleedingEdge/lib/mono/unityjit'
Mono config path = 'C:/Program Files/Unity/Hub/Editor/2020.3.14f1/Editor/Data/MonoBleedingEdge/etc'
Using monoOptions --debugger-agent=transport=dt_socket,embedding=1,server=y,suspend=n,address=127.0.0.1:56036
Begin MonoManager ReloadAssembly
Registering precompiled unity dll's ...
Register platform support module: C:/Program Files/Unity/Hub/Editor/2020.3.14f1/Editor/Data/PlaybackEngines/WindowsStandaloneSupport/UnityEditor.WindowsStandalone.Extensions.dll
Registered in 0.001325 seconds.
Native extension for WindowsStandalone target not found
Refreshing native plugins compatible for Editor in 39.35 ms, found 3 plugins.
Preloading 0 native plugins for Editor in 0.00 ms.
Mono: successfully reloaded assembly
- Completed reload, in  1.191 seconds
Domain Reload Profiling:
	ReloadAssembly (1192ms)
		BeginReloadAssembly (90ms)
			ExecutionOrderSort (0ms)
			DisableScriptedObjects (0ms)
			BackupInstance (0ms)
			ReleaseScriptingObjects (0ms)
			CreateAndSetChildDomain (1ms)
		EndReloadAssembly (460ms)
			LoadAssemblies (88ms)
			RebuildTransferFunctionScriptingTraits (0ms)
			SetupTypeCache (186ms)
			ReleaseScriptCaches (0ms)
			RebuildScriptCaches (34ms)
			SetupLoadedEditorAssemblies (168ms)
				LogAssemblyErrors (0ms)
				InitializePlatformSupportModulesInManaged (4ms)
				SetLoadedEditorAssemblies (0ms)
				RefreshPlugins (39ms)
				BeforeProcessingInitializeOnLoad (14ms)
				ProcessInitializeOnLoadAttributes (84ms)
				ProcessInitializeOnLoadMethodAttributes (27ms)
				AfterProcessingInitializeOnLoad (0ms)
				EditorAssembliesLoaded (0ms)
			ExecutionOrderSort2 (0ms)
			AwakeInstancesAfterBackupRestoration (0ms)
Platform modules already initialized, skipping
Registering precompiled user dll's ...
Registered in 0.002261 seconds.
Begin MonoManager ReloadAssembly
Native extension for WindowsStandalone target not found
Refreshing native plugins compatible for Editor in 37.57 ms, found 3 plugins.
Preloading 0 native plugins for Editor in 0.00 ms.
Mono: successfully reloaded assembly
- Completed reload, in  1.148 seconds
Domain Reload Profiling:
	ReloadAssembly (1149ms)
		BeginReloadAssembly (165ms)
			ExecutionOrderSort (0ms)
			DisableScriptedObjects (5ms)
			BackupInstance (0ms)
			ReleaseScriptingObjects (0ms)
			CreateAndSetChildDomain (18ms)
		EndReloadAssembly (926ms)
			LoadAssemblies (81ms)
			RebuildTransferFunctionScriptingTraits (0ms)
			SetupTypeCache (297ms)
			ReleaseScriptCaches (0ms)
			RebuildScriptCaches (56ms)
			SetupLoadedEditorAssemblies (355ms)
				LogAssemblyErrors (0ms)
				InitializePlatformSupportModulesInManaged (4ms)
				SetLoadedEditorAssemblies (0ms)
				RefreshPlugins (38ms)
				BeforeProcessingInitializeOnLoad (81ms)
				ProcessInitializeOnLoadAttributes (214ms)
				ProcessInitializeOnLoadMethodAttributes (14ms)
				AfterProcessingInitializeOnLoad (4ms)
				EditorAssembliesLoaded (0ms)
			ExecutionOrderSort2 (0ms)
			AwakeInstancesAfterBackupRestoration (6ms)
Platform modules already initialized, skipping
========================================================================
Worker process is ready to serve import requests
Launched and connected shader compiler UnityShaderCompiler.exe after 0.03 seconds
Refreshing native plugins compatible for Editor in 0.40 ms, found 3 plugins.
Preloading 0 native plugins for Editor in 0.00 ms.
Unloading 2084 Unused Serialized files (Serialized files now loaded: 0)
System memory in use before: 92.9 MB.
System memory in use after: 92.8 MB.

Unloading 33 unused Assets to reduce memory usage. Loaded Objects now: 2517.
Total: 2.121100 ms (FindLiveObjects: 0.198200 ms CreateObjectMapping: 0.085500 ms MarkObjects: 1.715600 ms  DeleteObjects: 0.121000 ms)

AssetImportParameters requested are different than current active one (requested -> active):
  custom:framework-win-MediaFoundation: 216162199b28c13a410421893ffa2e32 -> 
  custom:video-decoder-ogg-theora: a1e56fd34408186e4bbccfd4996cb3dc -> 
  custom:container-muxer-webm: aa71ff27fc2769a1b78a27578f13a17b -> 
  custom:container-demuxer-webm: 4f35f7cbe854078d1ac9338744f61a02 -> 
  custom:container-demuxer-ogg: 62fdf1f143b41e24485cea50d1cbac27 -> 
  custom:video-encoder-webm-vp8: eb34c28f22e8b96e1ab97ce403110664 -> 
  custom:video-codec-MediaFoundation-h265: 746d11721c4dcdbdad8f713fa42b33f4 -> 
  custom:video-decoder-webm-vp8: 9c59270c3fd7afecdb556c50c9e8de78 -> 
  custom:audio-decoder-ogg-vorbis: bf7c407c2cedff20999df2af8eb42d56 -> 
  custom:audio-encoder-webm-vorbis: bf7c407c2cedff20999df2af8eb42d56 -> 
========================================================================
Received Import Request.
  path: Assets/1 Biker/Biker_hurt.png
  artifactKey: Guid(94afb971e8a489d45a7cb4d41ba0fe94) Importer(815301076,1909f56bfc062723c751e8b465ee728b)
Start importing Assets/1 Biker/Biker_hurt.png using Guid(94afb971e8a489d45a7cb4d41ba0fe94) Importer(815301076,1909f56bfc062723c751e8b465ee728b)  -> (artifact id: '1ad7744dd810c8837da7e04cd725af30') in 0.081926 seconds 
  Import took 0.085340 seconds .

========================================================================
Received Import Request.
  Time since last request: 0.000165 seconds.
  path: Assets/1 Biker/Biker_run_attack.png
  artifactKey: Guid(4343fe7ff0caf6f4fa431e492bf94845) Importer(815301076,1909f56bfc062723c751e8b465ee728b)
Start importing Assets/1 Biker/Biker_run_attack.png using Guid(4343fe7ff0caf6f4fa431e492bf94845) Importer(815301076,1909f56bfc062723c751e8b465ee728b)  -> (artifact id: '9d63c7b9a454c3e2940ec4802a8afb81') in 0.016806 seconds 
  Import took 0.020070 seconds .

========================================================================
Received Import Request.
  Time since last request: 0.000230 seconds.
  path: Assets/1 Biker/Biker_attack1.png
  artifactKey: Guid(cb395cda0284f7a4a813ad54a70c1f0e) Importer(815301076,1909f56bfc062723c751e8b465ee728b)
Start importing Assets/1 Biker/Biker_attack1.png using Guid(cb395cda0284f7a4a813ad54a70c1f0e) Importer(815301076,1909f56bfc062723c751e8b465ee728b)  -> (artifact id: '47e58ddd42aa4a25d13f545298738b79') in 0.011473 seconds 
  Import took 0.015156 seconds .

========================================================================
Received Import Request.
  Time since last request: 0.000190 seconds.
  path: Assets/1 Biker/Biker_doublejump.png
  artifactKey: Guid(bff5d263be3ee2d4fa055abba6bfd877) Importer(815301076,1909f56bfc062723c751e8b465ee728b)
Start importing Assets/1 Biker/Biker_doublejump.png using Guid(bff5d263be3ee2d4fa055abba6bfd877) Importer(815301076,1909f56bfc062723c751e8b465ee728b)  -> (artifact id: 'c574c5b4dda762a7ff57cfe026111d65') in 0.017396 seconds 
  Import took 0.021422 seconds .

========================================================================
Received Import Request.
  Time since last request: 0.000185 seconds.
  path: Assets/1 Biker/Biker_attack1.png
  artifactKey: Guid(cb395cda0284f7a4a813ad54a70c1f0e) Importer(815301076,1909f56bfc062723c751e8b465ee728b)
Start importing Assets/1 Biker/Biker_attack1.png using Guid(cb395cda0284f7a4a813ad54a70c1f0e) Importer(815301076,1909f56bfc062723c751e8b465ee728b)  -> (artifact id: '47e58ddd42aa4a25d13f545298738b79') in 0.008039 seconds 
  Import took 0.011639 seconds .

========================================================================
Received Import Request.
  Time since last request: 0.000243 seconds.
  path: Assets/1 Biker/Biker_idle.png
  artifactKey: Guid(a8a7e88eeb532094db06074296fa68ac) Importer(815301076,1909f56bfc062723c751e8b465ee728b)
Start importing Assets/1 Biker/Biker_idle.png using Guid(a8a7e88eeb532094db06074296fa68ac) Importer(815301076,1909f56bfc062723c751e8b465ee728b)  -> (artifact id: '70159dc26c0ebd382795c9b0741d2c37') in 0.013053 seconds 
  Import took 0.017824 seconds .

========================================================================
Received Import Request.
  Time since last request: 0.000285 seconds.
  path: Assets/1 Biker/Biker_attack2.png
  artifactKey: Guid(d4988c55b98919e4ea498d5513a036b2) Importer(815301076,1909f56bfc062723c751e8b465ee728b)
Start importing Assets/1 Biker/Biker_attack2.png using Guid(d4988c55b98919e4ea498d5513a036b2) Importer(815301076,1909f56bfc062723c751e8b465ee728b)  -> (artifact id: 'c220747a5f2470a8df55298e446109b6') in 0.014092 seconds 
  Import took 0.017718 seconds .

========================================================================
Received Import Request.
  Time since last request: 0.000165 seconds.
  path: Assets/1 Biker/Biker_jump.png
  artifactKey: Guid(058173298b0b20a4696e70385865639d) Importer(815301076,1909f56bfc062723c751e8b465ee728b)
Start importing Assets/1 Biker/Biker_jump.png using Guid(058173298b0b20a4696e70385865639d) Importer(815301076,1909f56bfc062723c751e8b465ee728b)  -> (artifact id: '203b57fcf175e3e6fef6bf42315115c4') in 0.012727 seconds 
  Import took 0.016381 seconds .

========================================================================
Received Import Request.
  Time since last request: 0.000276 seconds.
  path: Assets/1 Biker/Biker_run.png
  artifactKey: Guid(e9574e2542787dc439d5cf91b65bd41a) Importer(815301076,1909f56bfc062723c751e8b465ee728b)
Start importing Assets/1 Biker/Biker_run.png using Guid(e9574e2542787dc439d5cf91b65bd41a) Importer(815301076,1909f56bfc062723c751e8b465ee728b)  -> (artifact id: '769f1360d4a8641cf0ba508626fe721a') in 0.014876 seconds 
  Import took 0.018682 seconds .

========================================================================
Received Import Request.
  Time since last request: 0.000322 seconds.
  path: Assets/1 Biker/Biker_death.png
  artifactKey: Guid(94c75b92dc97911479b33d6588bd8d0f) Importer(815301076,1909f56bfc062723c751e8b465ee728b)
Start importing Assets/1 Biker/Biker_death.png using Guid(94c75b92dc97911479b33d6588bd8d0f) Importer(815301076,1909f56bfc062723c751e8b465ee728b)  -> (artifact id: '67650526ba33b6fe7ba54e53e4486e49') in 0.021606 seconds 
  Import took 0.025258 seconds .

========================================================================
Received Import Request.
  Time since last request: 0.000381 seconds.
  path: Assets/1 Biker
  artifactKey: Guid(9d8429684a57d5c4b8ac971a81cdcb9f) Importer(815301076,1909f56bfc062723c751e8b465ee728b)
Start importing Assets/1 Biker using Guid(9d8429684a57d5c4b8ac971a81cdcb9f) Importer(815301076,1909f56bfc062723c751e8b465ee728b)  -> (artifact id: 'ec48206dc59d57fd97cf3991e1162e0f') in 0.005394 seconds 
  Import took 0.009449 seconds .

========================================================================
Received Import Request.
  Time since last request: 0.000246 seconds.
  path: Assets/1 Biker/Biker_attack3.png
  artifactKey: Guid(bd642ff5516252c4db00f80cd2179717) Importer(815301076,1909f56bfc062723c751e8b465ee728b)
Start importing Assets/1 Biker/Biker_attack3.png using Guid(bd642ff5516252c4db00f80cd2179717) Importer(815301076,1909f56bfc062723c751e8b465ee728b)  -> (artifact id: 'fe487c84e7c5219a50b2d55b1f46789b') in 0.013165 seconds 
  Import took 0.016430 seconds .

========================================================================
Received Import Request.
  Time since last request: 0.000233 seconds.
  path: Assets/1 Biker/Biker_punch.png
  artifactKey: Guid(a56e0a1b45097534ea9049602e7a696b) Importer(815301076,1909f56bfc062723c751e8b465ee728b)
Start importing Assets/1 Biker/Biker_punch.png using Guid(a56e0a1b45097534ea9049602e7a696b) Importer(815301076,1909f56bfc062723c751e8b465ee728b)  -> (artifact id: '3e3f75c5987d9522e1beb51913996c98') in 0.012289 seconds 
  Import took 0.016185 seconds .

========================================================================
Received Import Request.
  Time since last request: 0.000208 seconds.
  path: Assets/1 Biker/Biker_climb.png
  artifactKey: Guid(7d634ef9b20030d4ab4c6e67a36e9088) Importer(815301076,1909f56bfc062723c751e8b465ee728b)
Start importing Assets/1 Biker/Biker_climb.png using Guid(7d634ef9b20030d4ab4c6e67a36e9088) Importer(815301076,1909f56bfc062723c751e8b465ee728b)  -> (artifact id: '6497fd0c2f2d714c113ee385d976a9f3') in 0.022374 seconds 
  Import took 0.027362 seconds .

========================================================================
Received Import Request.
  Time since last request: 32.007558 seconds.
  path: Assets/1 Biker/Biker_attack1.png
  artifactKey: Guid(cb395cda0284f7a4a813ad54a70c1f0e) Importer(815301076,1909f56bfc062723c751e8b465ee728b)
Start importing Assets/1 Biker/Biker_attack1.png using Guid(cb395cda0284f7a4a813ad54a70c1f0e) Importer(815301076,1909f56bfc062723c751e8b465ee728b)  -> (artifact id: '4864c73d816ebf0d5b4d4143a2175dbf') in 0.008800 seconds 
  Import took 0.012319 seconds .

========================================================================
Received Import Request.
  Time since last request: 0.007506 seconds.
  path: Assets/1 Biker/Biker_attack1.png
  artifactKey: Guid(cb395cda0284f7a4a813ad54a70c1f0e) Importer(815301076,1909f56bfc062723c751e8b465ee728b)
Start importing Assets/1 Biker/Biker_attack1.png using Guid(cb395cda0284f7a4a813ad54a70c1f0e) Importer(815301076,1909f56bfc062723c751e8b465ee728b)  -> (artifact id: '4864c73d816ebf0d5b4d4143a2175dbf') in 0.008346 seconds 
  Import took 0.011708 seconds .

========================================================================
Received Import Request.
  Time since last request: 10.937118 seconds.
  path: Assets/1 Biker/Biker_attack1.png
  artifactKey: Guid(cb395cda0284f7a4a813ad54a70c1f0e) Importer(815301076,1909f56bfc062723c751e8b465ee728b)
Start importing Assets/1 Biker/Biker_attack1.png using Guid(cb395cda0284f7a4a813ad54a70c1f0e) Importer(815301076,1909f56bfc062723c751e8b465ee728b)  -> (artifact id: '90a5568183ee1a7bfea6b780cc09c050') in 0.029955 seconds 
  Import took 0.033363 seconds .

========================================================================
Received Prepare
Registering precompiled user dll's ...
Registered in 0.003548 seconds.
Begin MonoManager ReloadAssembly
Native extension for WindowsStandalone target not found
Refreshing native plugins compatible for Editor in 0.58 ms, found 3 plugins.
Preloading 0 native plugins for Editor in 0.00 ms.
Mono: successfully reloaded assembly
- Completed reload, in  1.002 seconds
Domain Reload Profiling:
	ReloadAssembly (1003ms)
		BeginReloadAssembly (105ms)
			ExecutionOrderSort (0ms)
			DisableScriptedObjects (6ms)
			BackupInstance (0ms)
			ReleaseScriptingObjects (0ms)
			CreateAndSetChildDomain (33ms)
		EndReloadAssembly (841ms)
			LoadAssemblies (75ms)
			RebuildTransferFunctionScriptingTraits (0ms)
			SetupTypeCache (306ms)
			ReleaseScriptCaches (1ms)
			RebuildScriptCaches (40ms)
			SetupLoadedEditorAssemblies (297ms)
				LogAssemblyErrors (0ms)
				InitializePlatformSupportModulesInManaged (5ms)
				SetLoadedEditorAssemblies (0ms)
				RefreshPlugins (1ms)
				BeforeProcessingInitializeOnLoad (88ms)
				ProcessInitializeOnLoadAttributes (193ms)
				ProcessInitializeOnLoadMethodAttributes (6ms)
				AfterProcessingInitializeOnLoad (4ms)
				EditorAssembliesLoaded (0ms)
			ExecutionOrderSort2 (0ms)
			AwakeInstancesAfterBackupRestoration (12ms)
Platform modules already initialized, skipping
Refreshing native plugins compatible for Editor in 0.54 ms, found 3 plugins.
Preloading 0 native plugins for Editor in 0.00 ms.
Unloading 2079 Unused Serialized files (Serialized files now loaded: 0)
System memory in use before: 95.8 MB.
System memory in use after: 95.8 MB.

Unloading 21 unused Assets to reduce memory usage. Loaded Objects now: 2541.
Total: 2.371600 ms (FindLiveObjects: 0.237700 ms CreateObjectMapping: 0.092200 ms MarkObjects: 1.930700 ms  DeleteObjects: 0.110000 ms)

AssetImportParameters requested are different than current active one (requested -> active):
  custom:framework-win-MediaFoundation: 216162199b28c13a410421893ffa2e32 -> 
  custom:video-decoder-ogg-theora: a1e56fd34408186e4bbccfd4996cb3dc -> 
  custom:container-muxer-webm: aa71ff27fc2769a1b78a27578f13a17b -> 
  custom:container-demuxer-webm: 4f35f7cbe854078d1ac9338744f61a02 -> 
  custom:container-demuxer-ogg: 62fdf1f143b41e24485cea50d1cbac27 -> 
  custom:video-encoder-webm-vp8: eb34c28f22e8b96e1ab97ce403110664 -> 
  custom:video-codec-MediaFoundation-h265: 746d11721c4dcdbdad8f713fa42b33f4 -> 
  custom:video-decoder-webm-vp8: 9c59270c3fd7afecdb556c50c9e8de78 -> 
  custom:audio-decoder-ogg-vorbis: bf7c407c2cedff20999df2af8eb42d56 -> 
  custom:audio-encoder-webm-vorbis: bf7c407c2cedff20999df2af8eb42d56 -> 
AssetImportWorkerClient::OnTransportError - code=2 error=End of file
